{"meta": {"format": 3, "version": "7.11.0", "timestamp": "2025-11-08T19:42:32.998700", "branch_coverage": false, "show_contexts": false}, "files": {"ai_journal_kit/__init__.py": {"executed_lines": [1, 3], "summary": {"covered_lines": 1, "num_statements": 1, "percent_covered": 100.0, "percent_covered_display": "100", "missing_lines": 0, "excluded_lines": 0}, "missing_lines": [], "excluded_lines": [], "functions": {"": {"executed_lines": [1, 3], "summary": {"covered_lines": 1, "num_statements": 1, "percent_covered": 100.0, "percent_covered_display": "100", "missing_lines": 0, "excluded_lines": 0}, "missing_lines": [], "excluded_lines": []}}, "classes": {"": {"executed_lines": [1, 3], "summary": {"covered_lines": 1, "num_statements": 1, "percent_covered": 100.0, "percent_covered_display": "100", "missing_lines": 0, "excluded_lines": 0}, "missing_lines": [], "excluded_lines": []}}}, "ai_journal_kit/__main__.py": {"executed_lines": [1, 4, 6, 8, 11, 12], "summary": {"covered_lines": 5, "num_statements": 5, "percent_covered": 100.0, "percent_covered_display": "100", "missing_lines": 0, "excluded_lines": 0}, "missing_lines": [], "excluded_lines": [], "functions": {"main": {"executed_lines": [6, 8], "summary": {"covered_lines": 2, "num_statements": 2, "percent_covered": 100.0, "percent_covered_display": "100", "missing_lines": 0, "excluded_lines": 0}, "missing_lines": [], "excluded_lines": []}, "": {"executed_lines": [1, 4, 11, 12], "summary": {"covered_lines": 3, "num_statements": 3, "percent_covered": 100.0, "percent_covered_display": "100", "missing_lines": 0, "excluded_lines": 0}, "missing_lines": [], "excluded_lines": []}}, "classes": {"": {"executed_lines": [1, 4, 6, 8, 11, 12], "summary": {"covered_lines": 5, "num_statements": 5, "percent_covered": 100.0, "percent_covered_display": "100", "missing_lines": 0, "excluded_lines": 0}, "missing_lines": [], "excluded_lines": []}}}, "ai_journal_kit/cli/__init__.py": {"executed_lines": [1], "summary": {"covered_lines": 0, "num_statements": 0, "percent_covered": 100.0, "percent_covered_display": "100", "missing_lines": 0, "excluded_lines": 0}, "missing_lines": [], "excluded_lines": [], "functions": {"": {"executed_lines": [1], "summary": {"covered_lines": 0, "num_statements": 0, "percent_covered": 100.0, "percent_covered_display": "100", "missing_lines": 0, "excluded_lines": 0}, "missing_lines": [], "excluded_lines": []}}, "classes": {"": {"executed_lines": [1], "summary": {"covered_lines": 0, "num_statements": 0, "percent_covered": 100.0, "percent_covered_display": "100", "missing_lines": 0, "excluded_lines": 0}, "missing_lines": [], "excluded_lines": []}}}, "ai_journal_kit/cli/app.py": {"executed_lines": [1, 3, 5, 6, 7, 8, 9, 10, 12, 19, 21, 22, 23, 26, 27, 38, 42, 43, 44, 45, 46], "summary": {"covered_lines": 20, "num_statements": 20, "percent_covered": 100.0, "percent_covered_display": "100", "missing_lines": 0, "excluded_lines": 0}, "missing_lines": [], "excluded_lines": [], "functions": {"version_callback": {"executed_lines": [21, 22, 23], "summary": {"covered_lines": 3, "num_statements": 3, "percent_covered": 100.0, "percent_covered_display": "100", "missing_lines": 0, "excluded_lines": 0}, "missing_lines": [], "excluded_lines": []}, "main": {"executed_lines": [38], "summary": {"covered_lines": 1, "num_statements": 1, "percent_covered": 100.0, "percent_covered_display": "100", "missing_lines": 0, "excluded_lines": 0}, "missing_lines": [], "excluded_lines": []}, "": {"executed_lines": [1, 3, 5, 6, 7, 8, 9, 10, 12, 19, 26, 27, 42, 43, 44, 45, 46], "summary": {"covered_lines": 16, "num_statements": 16, "percent_covered": 100.0, "percent_covered_display": "100", "missing_lines": 0, "excluded_lines": 0}, "missing_lines": [], "excluded_lines": []}}, "classes": {"": {"executed_lines": [1, 3, 5, 6, 7, 8, 9, 10, 12, 19, 21, 22, 23, 26, 27, 38, 42, 43, 44, 45, 46], "summary": {"covered_lines": 20, "num_statements": 20, "percent_covered": 100.0, "percent_covered_display": "100", "missing_lines": 0, "excluded_lines": 0}, "missing_lines": [], "excluded_lines": []}}}, "ai_journal_kit/cli/doctor.py": {"executed_lines": [1, 3, 5, 7, 8, 9, 10, 11, 14, 27, 29, 30, 31, 32, 34, 37, 40, 41, 42, 43, 46, 47, 48, 49, 50, 51, 54, 55, 56, 57, 60, 61, 62, 63, 67, 68, 69, 70, 72, 75, 76, 77, 80, 82, 83, 84, 85, 88, 89, 91, 92, 93, 94, 95, 96, 100, 101, 102, 103, 104, 108, 116, 117, 118, 120, 121, 122, 126, 127, 128, 129, 135, 137, 138, 139, 140, 141, 142, 143, 144, 150, 152, 153, 154, 155, 156, 161, 163, 164, 165, 166], "summary": {"covered_lines": 90, "num_statements": 108, "percent_covered": 83.33333333333333, "percent_covered_display": "83", "missing_lines": 18, "excluded_lines": 0}, "missing_lines": [64, 97, 98, 105, 106, 109, 110, 111, 112, 113, 114, 131, 132, 145, 146, 147, 157, 158], "excluded_lines": [], "functions": {"doctor": {"executed_lines": [27, 29, 30, 31, 32, 34, 37, 40, 41, 42, 43, 46, 47, 48, 49, 50, 51, 54, 55, 56, 57, 60, 61, 62, 63, 67, 68, 69, 70, 72, 75, 76, 77, 80, 82, 83, 84, 85, 88, 89, 91, 92, 93, 94, 95, 96, 100, 101, 102, 103, 104, 108, 116, 117, 118, 120, 121, 122, 126, 127, 128, 129], "summary": {"covered_lines": 62, "num_statements": 75, "percent_covered": 82.66666666666667, "percent_covered_display": "83", "missing_lines": 13, "excluded_lines": 0}, "missing_lines": [64, 97, 98, 105, 106, 109, 110, 111, 112, 113, 114, 131, 132], "excluded_lines": []}, "_check_ide_configs": {"executed_lines": [137, 138, 139, 140, 141, 142, 143, 144], "summary": {"covered_lines": 8, "num_statements": 11, "percent_covered": 72.72727272727273, "percent_covered_display": "73", "missing_lines": 3, "excluded_lines": 0}, "missing_lines": [145, 146, 147], "excluded_lines": []}, "_is_writable": {"executed_lines": [152, 153, 154, 155, 156], "summary": {"covered_lines": 5, "num_statements": 7, "percent_covered": 71.42857142857143, "percent_covered_display": "71", "missing_lines": 2, "excluded_lines": 0}, "missing_lines": [157, 158], "excluded_lines": []}, "_print_check": {"executed_lines": [163, 164, 165, 166], "summary": {"covered_lines": 4, "num_statements": 4, "percent_covered": 100.0, "percent_covered_display": "100", "missing_lines": 0, "excluded_lines": 0}, "missing_lines": [], "excluded_lines": []}, "": {"executed_lines": [1, 3, 5, 7, 8, 9, 10, 11, 14, 135, 150, 161], "summary": {"covered_lines": 11, "num_statements": 11, "percent_covered": 100.0, "percent_covered_display": "100", "missing_lines": 0, "excluded_lines": 0}, "missing_lines": [], "excluded_lines": []}}, "classes": {"": {"executed_lines": [1, 3, 5, 7, 8, 9, 10, 11, 14, 27, 29, 30, 31, 32, 34, 37, 40, 41, 42, 43, 46, 47, 48, 49, 50, 51, 54, 55, 56, 57, 60, 61, 62, 63, 67, 68, 69, 70, 72, 75, 76, 77, 80, 82, 83, 84, 85, 88, 89, 91, 92, 93, 94, 95, 96, 100, 101, 102, 103, 104, 108, 116, 117, 118, 120, 121, 122, 126, 127, 128, 129, 135, 137, 138, 139, 140, 141, 142, 143, 144, 150, 152, 153, 154, 155, 156, 161, 163, 164, 165, 166], "summary": {"covered_lines": 90, "num_statements": 108, "percent_covered": 83.33333333333333, "percent_covered_display": "83", "missing_lines": 18, "excluded_lines": 0}, "missing_lines": [64, 97, 98, 105, 106, 109, 110, 111, 112, 113, 114, 131, 132, 145, 146, 147, 157, 158], "excluded_lines": []}}}, "ai_journal_kit/cli/move.py": {"executed_lines": [1, 3, 4, 6, 7, 9, 10, 11, 12, 21, 34, 35, 39, 42, 43, 47, 48, 49, 50, 53, 58, 59, 62, 63, 64, 67, 68, 70, 72, 82, 84, 85, 86, 89, 90, 91, 92, 93, 94, 96, 99, 100, 101, 102, 112, 113, 114, 116, 117, 118, 119, 122, 123, 124, 125, 128, 129, 133, 134, 135, 136, 137, 140, 141, 142, 143, 146, 152, 153, 154, 156, 157], "summary": {"covered_lines": 71, "num_statements": 93, "percent_covered": 76.34408602150538, "percent_covered_display": "76", "missing_lines": 22, "excluded_lines": 0}, "missing_lines": [36, 37, 54, 55, 69, 74, 77, 78, 79, 80, 97, 103, 104, 105, 107, 108, 147, 148, 149, 159, 160, 161], "excluded_lines": [], "functions": {"move": {"executed_lines": [34, 35, 39, 42, 43, 47, 48, 49, 50, 53, 58, 59, 62, 63, 64, 67, 68, 70, 72, 82, 84, 85, 86, 89, 90, 91, 92, 93, 94, 96, 99, 100, 101, 102, 112, 113, 114, 116, 117, 118, 119, 122, 123, 124, 125, 128, 129, 133, 134, 135, 136, 137, 140, 141, 142, 143, 146, 152, 153, 154, 156, 157], "summary": {"covered_lines": 62, "num_statements": 84, "percent_covered": 73.80952380952381, "percent_covered_display": "74", "missing_lines": 22, "excluded_lines": 0}, "missing_lines": [36, 37, 54, 55, 69, 74, 77, 78, 79, 80, 97, 103, 104, 105, 107, 108, 147, 148, 149, 159, 160, 161], "excluded_lines": []}, "": {"executed_lines": [1, 3, 4, 6, 7, 9, 10, 11, 12, 21], "summary": {"covered_lines": 9, "num_statements": 9, "percent_covered": 100.0, "percent_covered_display": "100", "missing_lines": 0, "excluded_lines": 0}, "missing_lines": [], "excluded_lines": []}}, "classes": {"": {"executed_lines": [1, 3, 4, 6, 7, 9, 10, 11, 12, 21, 34, 35, 39, 42, 43, 47, 48, 49, 50, 53, 58, 59, 62, 63, 64, 67, 68, 70, 72, 82, 84, 85, 86, 89, 90, 91, 92, 93, 94, 96, 99, 100, 101, 102, 112, 113, 114, 116, 117, 118, 119, 122, 123, 124, 125, 128, 129, 133, 134, 135, 136, 137, 140, 141, 142, 143, 146, 152, 153, 154, 156, 157], "summary": {"covered_lines": 71, "num_statements": 93, "percent_covered": 76.34408602150538, "percent_covered_display": "76", "missing_lines": 22, "excluded_lines": 0}, "missing_lines": [36, 37, 54, 55, 69, 74, 77, 78, 79, 80, 97, 103, 104, 105, 107, 108, 147, 148, 149, 159, 160, 161], "excluded_lines": []}}}, "ai_journal_kit/cli/setup.py": {"executed_lines": [1, 3, 5, 6, 8, 9, 10, 11, 12, 23, 42, 43, 45, 46, 50, 53, 56, 59, 60, 63, 64, 67, 68, 69, 70, 72, 84, 86, 87, 88, 91, 95, 96, 102, 104, 113, 114, 116, 118, 119, 120, 121, 122, 123, 124, 125, 126, 129, 130, 131, 132, 133, 136, 137, 141, 142, 143, 146, 147, 148, 151, 152, 153, 154, 157, 158, 159, 160, 161], "summary": {"covered_lines": 68, "num_statements": 80, "percent_covered": 85.0, "percent_covered_display": "85", "missing_lines": 12, "excluded_lines": 0}, "missing_lines": [74, 77, 78, 80, 81, 92, 97, 98, 99, 163, 164, 165], "excluded_lines": [], "functions": {"setup": {"executed_lines": [42, 43, 45, 46, 50, 53, 56, 59, 60, 63, 64, 67, 68, 69, 70, 72, 84, 86, 87, 88, 91, 95, 96, 102, 104, 113, 114, 116, 118, 119, 120, 121, 122, 123, 124, 125, 126, 129, 130, 131, 132, 133, 136, 137, 141, 142, 143, 146, 147, 148, 151, 152, 153, 154, 157, 158, 159, 160, 161], "summary": {"covered_lines": 59, "num_statements": 71, "percent_covered": 83.09859154929578, "percent_covered_display": "83", "missing_lines": 12, "excluded_lines": 0}, "missing_lines": [74, 77, 78, 80, 81, 92, 97, 98, 99, 163, 164, 165], "excluded_lines": []}, "": {"executed_lines": [1, 3, 5, 6, 8, 9, 10, 11, 12, 23], "summary": {"covered_lines": 9, "num_statements": 9, "percent_covered": 100.0, "percent_covered_display": "100", "missing_lines": 0, "excluded_lines": 0}, "missing_lines": [], "excluded_lines": []}}, "classes": {"": {"executed_lines": [1, 3, 5, 6, 8, 9, 10, 11, 12, 23, 42, 43, 45, 46, 50, 53, 56, 59, 60, 63, 64, 67, 68, 69, 70, 72, 84, 86, 87, 88, 91, 95, 96, 102, 104, 113, 114, 116, 118, 119, 120, 121, 122, 123, 124, 125, 126, 129, 130, 131, 132, 133, 136, 137, 141, 142, 143, 146, 147, 148, 151, 152, 153, 154, 157, 158, 159, 160, 161], "summary": {"covered_lines": 68, "num_statements": 80, "percent_covered": 85.0, "percent_covered_display": "85", "missing_lines": 12, "excluded_lines": 0}, "missing_lines": [74, 77, 78, 80, 81, 92, 97, 98, 99, 163, 164, 165], "excluded_lines": []}}}, "ai_journal_kit/cli/status.py": {"executed_lines": [1, 3, 5, 6, 8, 9, 10, 13, 24, 26, 27, 28, 30, 31, 32, 33, 36, 37, 39, 41, 54, 57, 58, 59, 61, 62, 63, 64, 65, 67, 68, 69, 72, 73, 74, 75, 76, 77, 78, 79, 82, 83, 84, 85, 86, 87, 90, 92, 93, 94, 95, 96, 97, 98, 99, 100, 101, 102, 105, 107, 108, 109], "summary": {"covered_lines": 61, "num_statements": 61, "percent_covered": 100.0, "percent_covered_display": "100", "missing_lines": 0, "excluded_lines": 0}, "missing_lines": [], "excluded_lines": [], "functions": {"status": {"executed_lines": [24, 26, 27, 28, 30, 31, 32, 33, 36, 37, 39, 41, 54, 57, 58, 59, 61, 62, 63, 64, 65, 67, 68, 69, 72, 73, 74, 75, 76, 77, 78, 79, 82, 83, 84, 85, 86, 87], "summary": {"covered_lines": 38, "num_statements": 38, "percent_covered": 100.0, "percent_covered_display": "100", "missing_lines": 0, "excluded_lines": 0}, "missing_lines": [], "excluded_lines": []}, "_check_ide_configs": {"executed_lines": [92, 93, 94, 95, 96, 97, 98, 99, 100, 101, 102], "summary": {"covered_lines": 11, "num_statements": 11, "percent_covered": 100.0, "percent_covered_display": "100", "missing_lines": 0, "excluded_lines": 0}, "missing_lines": [], "excluded_lines": []}, "_print_check": {"executed_lines": [107, 108, 109], "summary": {"covered_lines": 3, "num_statements": 3, "percent_covered": 100.0, "percent_covered_display": "100", "missing_lines": 0, "excluded_lines": 0}, "missing_lines": [], "excluded_lines": []}, "": {"executed_lines": [1, 3, 5, 6, 8, 9, 10, 13, 90, 105], "summary": {"covered_lines": 9, "num_statements": 9, "percent_covered": 100.0, "percent_covered_display": "100", "missing_lines": 0, "excluded_lines": 0}, "missing_lines": [], "excluded_lines": []}}, "classes": {"": {"executed_lines": [1, 3, 5, 6, 8, 9, 10, 13, 24, 26, 27, 28, 30, 31, 32, 33, 36, 37, 39, 41, 54, 57, 58, 59, 61, 62, 63, 64, 65, 67, 68, 69, 72, 73, 74, 75, 76, 77, 78, 79, 82, 83, 84, 85, 86, 87, 90, 92, 93, 94, 95, 96, 97, 98, 99, 100, 101, 102, 105, 107, 108, 109], "summary": {"covered_lines": 61, "num_statements": 61, "percent_covered": 100.0, "percent_covered_display": "100", "missing_lines": 0, "excluded_lines": 0}, "missing_lines": [], "excluded_lines": []}}}, "ai_journal_kit/cli/update.py": {"executed_lines": [1, 3, 5, 6, 7, 8, 10, 11, 12, 15, 22, 29, 30, 32, 39, 40, 48, 54, 55, 56, 58, 61, 62, 67, 73, 74, 75, 78, 79, 80, 81, 82, 83, 101, 123, 124, 125, 126, 128, 131, 133, 136, 137, 139, 151, 153, 154, 155, 156, 157, 158, 160, 166, 167, 168, 173, 176, 177, 191, 196, 204, 211, 214, 215, 216, 217, 219, 224, 226, 231, 236, 242, 243, 245, 246, 248, 254, 267, 270, 271, 272, 285, 306, 307, 308, 309, 310, 312, 313, 318, 325, 330, 334], "summary": {"covered_lines": 92, "num_statements": 145, "percent_covered": 63.44827586206897, "percent_covered_display": "63", "missing_lines": 53, "excluded_lines": 0}, "missing_lines": [41, 42, 45, 63, 64, 84, 85, 88, 141, 142, 144, 145, 146, 148, 149, 161, 162, 163, 178, 180, 182, 183, 184, 185, 197, 198, 202, 212, 220, 227, 228, 229, 232, 233, 257, 258, 259, 260, 264, 277, 278, 281, 282, 286, 288, 291, 292, 293, 298, 299, 302, 303, 326], "excluded_lines": [], "functions": {"detect_pip_command": {"executed_lines": [22, 29, 30, 32, 39, 40], "summary": {"covered_lines": 6, "num_statements": 9, "percent_covered": 66.66666666666667, "percent_covered_display": "67", "missing_lines": 3, "excluded_lines": 0}, "missing_lines": [41, 42, 45], "excluded_lines": []}, "get_latest_version": {"executed_lines": [54, 55, 56, 58, 61, 62], "summary": {"covered_lines": 6, "num_statements": 8, "percent_covered": 75.0, "percent_covered_display": "75", "missing_lines": 2, "excluded_lines": 0}, "missing_lines": [63, 64], "excluded_lines": []}, "get_changelog": {"executed_lines": [73, 74, 75, 78, 79, 80, 81, 82, 83], "summary": {"covered_lines": 9, "num_statements": 12, "percent_covered": 75.0, "percent_covered_display": "75", "missing_lines": 3, "excluded_lines": 0}, "missing_lines": [84, 85, 88], "excluded_lines": []}, "update": {"executed_lines": [123, 124, 125, 126, 128, 131, 133, 136, 137, 139, 151, 153, 154, 155, 156, 157, 158, 160, 166, 167, 168, 173, 176, 177, 191, 196, 204, 211, 214, 215, 216, 217, 219, 224, 226, 231, 236, 242, 243, 245, 246, 248, 254, 267, 270, 271, 272, 285, 306, 307, 308, 309, 310, 312, 313, 318, 325, 330, 334], "summary": {"covered_lines": 59, "num_statements": 104, "percent_covered": 56.73076923076923, "percent_covered_display": "57", "missing_lines": 45, "excluded_lines": 0}, "missing_lines": [141, 142, 144, 145, 146, 148, 149, 161, 162, 163, 178, 180, 182, 183, 184, 185, 197, 198, 202, 212, 220, 227, 228, 229, 232, 233, 257, 258, 259, 260, 264, 277, 278, 281, 282, 286, 288, 291, 292, 293, 298, 299, 302, 303, 326], "excluded_lines": []}, "": {"executed_lines": [1, 3, 5, 6, 7, 8, 10, 11, 12, 15, 48, 67, 101], "summary": {"covered_lines": 12, "num_statements": 12, "percent_covered": 100.0, "percent_covered_display": "100", "missing_lines": 0, "excluded_lines": 0}, "missing_lines": [], "excluded_lines": []}}, "classes": {"": {"executed_lines": [1, 3, 5, 6, 7, 8, 10, 11, 12, 15, 22, 29, 30, 32, 39, 40, 48, 54, 55, 56, 58, 61, 62, 67, 73, 74, 75, 78, 79, 80, 81, 82, 83, 101, 123, 124, 125, 126, 128, 131, 133, 136, 137, 139, 151, 153, 154, 155, 156, 157, 158, 160, 166, 167, 168, 173, 176, 177, 191, 196, 204, 211, 214, 215, 216, 217, 219, 224, 226, 231, 236, 242, 243, 245, 246, 248, 254, 267, 270, 271, 272, 285, 306, 307, 308, 309, 310, 312, 313, 318, 325, 330, 334], "summary": {"covered_lines": 92, "num_statements": 145, "percent_covered": 63.44827586206897, "percent_covered_display": "63", "missing_lines": 53, "excluded_lines": 0}, "missing_lines": [41, 42, 45, 63, 64, 84, 85, 88, 141, 142, 144, 145, 146, 148, 149, 161, 162, 163, 178, 180, 182, 183, 184, 185, 197, 198, 202, 212, 220, 227, 228, 229, 232, 233, 257, 258, 259, 260, 264, 277, 278, 281, 282, 286, 288, 291, 292, 293, 298, 299, 302, 303, 326], "excluded_lines": []}}}, "ai_journal_kit/core/__init__.py": {"executed_lines": [1], "summary": {"covered_lines": 0, "num_statements": 0, "percent_covered": 100.0, "percent_covered_display": "100", "missing_lines": 0, "excluded_lines": 0}, "missing_lines": [], "excluded_lines": [], "functions": {"": {"executed_lines": [1], "summary": {"covered_lines": 0, "num_statements": 0, "percent_covered": 100.0, "percent_covered_display": "100", "missing_lines": 0, "excluded_lines": 0}, "missing_lines": [], "excluded_lines": []}}, "classes": {"": {"executed_lines": [1], "summary": {"covered_lines": 0, "num_statements": 0, "percent_covered": 100.0, "percent_covered_display": "100", "missing_lines": 0, "excluded_lines": 0}, "missing_lines": [], "excluded_lines": []}}}, "ai_journal_kit/core/config.py": {"executed_lines": [1, 3, 4, 5, 6, 8, 9, 12, 13, 15, 16, 17, 18, 19, 20, 21, 23, 24, 25, 27, 28, 29, 31, 32, 34, 36, 38, 39, 40, 41, 42, 43, 44, 45, 46, 49, 52, 54, 55, 56, 58, 59, 60, 63, 65, 66, 67, 69, 70, 72, 73, 74, 75, 76, 77, 78, 80, 83, 86, 88, 89, 90, 93, 95, 96, 97, 99, 100, 101, 103, 104, 105], "summary": {"covered_lines": 70, "num_statements": 70, "percent_covered": 100.0, "percent_covered_display": "100", "missing_lines": 0, "excluded_lines": 0}, "missing_lines": [], "excluded_lines": [], "functions": {"Config.expand_path": {"executed_lines": [27, 28, 29], "summary": {"covered_lines": 3, "num_statements": 3, "percent_covered": 100.0, "percent_covered_display": "100", "missing_lines": 0, "excluded_lines": 0}, "missing_lines": [], "excluded_lines": []}, "Config.model_dump_json": {"executed_lines": [36, 38, 39, 40, 41, 42, 43, 44, 45, 46], "summary": {"covered_lines": 10, "num_statements": 10, "percent_covered": 100.0, "percent_covered_display": "100", "missing_lines": 0, "excluded_lines": 0}, "missing_lines": [], "excluded_lines": []}, "get_config_path": {"executed_lines": [52, 54, 55, 56, 58, 59, 60], "summary": {"covered_lines": 7, "num_statements": 7, "percent_covered": 100.0, "percent_covered_display": "100", "missing_lines": 0, "excluded_lines": 0}, "missing_lines": [], "excluded_lines": []}, "load_config": {"executed_lines": [65, 66, 67, 69, 70, 72, 73, 74, 75, 76, 77, 78, 80, 83], "summary": {"covered_lines": 14, "num_statements": 14, "percent_covered": 100.0, "percent_covered_display": "100", "missing_lines": 0, "excluded_lines": 0}, "missing_lines": [], "excluded_lines": []}, "save_config": {"executed_lines": [88, 89, 90], "summary": {"covered_lines": 3, "num_statements": 3, "percent_covered": 100.0, "percent_covered_display": "100", "missing_lines": 0, "excluded_lines": 0}, "missing_lines": [], "excluded_lines": []}, "update_config": {"executed_lines": [95, 96, 97, 99, 100, 101, 103, 104, 105], "summary": {"covered_lines": 9, "num_statements": 9, "percent_covered": 100.0, "percent_covered_display": "100", "missing_lines": 0, "excluded_lines": 0}, "missing_lines": [], "excluded_lines": []}, "": {"executed_lines": [1, 3, 4, 5, 6, 8, 9, 12, 13, 15, 16, 17, 18, 19, 20, 21, 23, 24, 25, 31, 32, 34, 49, 63, 86, 93], "summary": {"covered_lines": 24, "num_statements": 24, "percent_covered": 100.0, "percent_covered_display": "100", "missing_lines": 0, "excluded_lines": 0}, "missing_lines": [], "excluded_lines": []}}, "classes": {"Config": {"executed_lines": [27, 28, 29, 36, 38, 39, 40, 41, 42, 43, 44, 45, 46], "summary": {"covered_lines": 13, "num_statements": 13, "percent_covered": 100.0, "percent_covered_display": "100", "missing_lines": 0, "excluded_lines": 0}, "missing_lines": [], "excluded_lines": []}, "Config.Config": {"executed_lines": [], "summary": {"covered_lines": 0, "num_statements": 0, "percent_covered": 100.0, "percent_covered_display": "100", "missing_lines": 0, "excluded_lines": 0}, "missing_lines": [], "excluded_lines": []}, "": {"executed_lines": [1, 3, 4, 5, 6, 8, 9, 12, 13, 15, 16, 17, 18, 19, 20, 21, 23, 24, 25, 31, 32, 34, 49, 52, 54, 55, 56, 58, 59, 60, 63, 65, 66, 67, 69, 70, 72, 73, 74, 75, 76, 77, 78, 80, 83, 86, 88, 89, 90, 93, 95, 96, 97, 99, 100, 101, 103, 104, 105], "summary": {"covered_lines": 57, "num_statements": 57, "percent_covered": 100.0, "percent_covered_display": "100", "missing_lines": 0, "excluded_lines": 0}, "missing_lines": [], "excluded_lines": []}}}, "ai_journal_kit/core/journal.py": {"executed_lines": [1, 3, 5, 7, 18, 24, 26, 27, 28, 31, 34, 37, 46, 47, 49, 50, 51, 52, 53, 55, 58, 67, 68, 69, 70, 72, 74, 75], "summary": {"covered_lines": 27, "num_statements": 27, "percent_covered": 100.0, "percent_covered_display": "100", "missing_lines": 0, "excluded_lines": 0}, "missing_lines": [], "excluded_lines": [], "functions": {"create_structure": {"executed_lines": [24, 26, 27, 28, 31, 34], "summary": {"covered_lines": 6, "num_statements": 6, "percent_covered": 100.0, "percent_covered_display": "100", "missing_lines": 0, "excluded_lines": 0}, "missing_lines": [], "excluded_lines": []}, "validate_structure": {"executed_lines": [46, 47, 49, 50, 51, 52, 53, 55], "summary": {"covered_lines": 8, "num_statements": 8, "percent_covered": 100.0, "percent_covered_display": "100", "missing_lines": 0, "excluded_lines": 0}, "missing_lines": [], "excluded_lines": []}, "get_folder_stats": {"executed_lines": [67, 68, 69, 70, 72, 74, 75], "summary": {"covered_lines": 7, "num_statements": 7, "percent_covered": 100.0, "percent_covered_display": "100", "missing_lines": 0, "excluded_lines": 0}, "missing_lines": [], "excluded_lines": []}, "": {"executed_lines": [1, 3, 5, 7, 18, 37, 58], "summary": {"covered_lines": 6, "num_statements": 6, "percent_covered": 100.0, "percent_covered_display": "100", "missing_lines": 0, "excluded_lines": 0}, "missing_lines": [], "excluded_lines": []}}, "classes": {"": {"executed_lines": [1, 3, 5, 7, 18, 24, 26, 27, 28, 31, 34, 37, 46, 47, 49, 50, 51, 52, 53, 55, 58, 67, 68, 69, 70, 72, 74, 75], "summary": {"covered_lines": 27, "num_statements": 27, "percent_covered": 100.0, "percent_covered_display": "100", "missing_lines": 0, "excluded_lines": 0}, "missing_lines": [], "excluded_lines": []}}}, "ai_journal_kit/core/symlinks.py": {"executed_lines": [1, 3, 4, 5, 7, 10, 20, 21, 23, 26, 28, 29, 30, 31, 32, 33, 34, 35, 38, 40, 41, 43, 44, 45, 47, 48, 49, 50, 51, 52, 55, 64, 66, 67, 69, 71, 73, 74, 75, 76, 79, 87, 88, 91, 94, 103, 104, 105, 106, 107, 108], "summary": {"covered_lines": 50, "num_statements": 50, "percent_covered": 100.0, "percent_covered_display": "100", "missing_lines": 0, "excluded_lines": 0}, "missing_lines": [], "excluded_lines": [], "functions": {"create_link": {"executed_lines": [20, 21, 23], "summary": {"covered_lines": 3, "num_statements": 3, "percent_covered": 100.0, "percent_covered_display": "100", "missing_lines": 0, "excluded_lines": 0}, "missing_lines": [], "excluded_lines": []}, "_create_symlink_unix": {"executed_lines": [28, 29, 30, 31, 32, 33, 34, 35], "summary": {"covered_lines": 8, "num_statements": 8, "percent_covered": 100.0, "percent_covered_display": "100", "missing_lines": 0, "excluded_lines": 0}, "missing_lines": [], "excluded_lines": []}, "_create_junction_windows": {"executed_lines": [40, 41, 43, 44, 45, 47, 48, 49, 50, 51, 52], "summary": {"covered_lines": 11, "num_statements": 11, "percent_covered": 100.0, "percent_covered_display": "100", "missing_lines": 0, "excluded_lines": 0}, "missing_lines": [], "excluded_lines": []}, "is_broken": {"executed_lines": [64, 66, 67, 69, 71, 73, 74, 75, 76], "summary": {"covered_lines": 9, "num_statements": 9, "percent_covered": 100.0, "percent_covered_display": "100", "missing_lines": 0, "excluded_lines": 0}, "missing_lines": [], "excluded_lines": []}, "update_link_target": {"executed_lines": [87, 88, 91], "summary": {"covered_lines": 3, "num_statements": 3, "percent_covered": 100.0, "percent_covered_display": "100", "missing_lines": 0, "excluded_lines": 0}, "missing_lines": [], "excluded_lines": []}, "get_link_target": {"executed_lines": [103, 104, 105, 106, 107, 108], "summary": {"covered_lines": 6, "num_statements": 6, "percent_covered": 100.0, "percent_covered_display": "100", "missing_lines": 0, "excluded_lines": 0}, "missing_lines": [], "excluded_lines": []}, "": {"executed_lines": [1, 3, 4, 5, 7, 10, 26, 38, 55, 79, 94], "summary": {"covered_lines": 10, "num_statements": 10, "percent_covered": 100.0, "percent_covered_display": "100", "missing_lines": 0, "excluded_lines": 0}, "missing_lines": [], "excluded_lines": []}}, "classes": {"": {"executed_lines": [1, 3, 4, 5, 7, 10, 20, 21, 23, 26, 28, 29, 30, 31, 32, 33, 34, 35, 38, 40, 41, 43, 44, 45, 47, 48, 49, 50, 51, 52, 55, 64, 66, 67, 69, 71, 73, 74, 75, 76, 79, 87, 88, 91, 94, 103, 104, 105, 106, 107, 108], "summary": {"covered_lines": 50, "num_statements": 50, "percent_covered": 100.0, "percent_covered_display": "100", "missing_lines": 0, "excluded_lines": 0}, "missing_lines": [], "excluded_lines": []}}}, "ai_journal_kit/core/template_updater.py": {"executed_lines": [1, 3, 4, 5, 7, 8, 10, 13, 22, 23, 25, 26, 27, 29, 30, 33, 42, 44, 52, 53, 54, 55, 56, 58, 59, 60, 61, 64, 65, 67, 68, 75, 76, 78, 81, 87, 88, 89, 91, 92, 93, 94, 95, 97, 98, 99, 106, 107, 110, 120, 122, 123, 124, 126, 127, 128, 131, 132, 133, 136, 137, 138, 140, 143, 152, 153, 154, 155, 157, 160, 169, 170, 174, 175, 177, 178], "summary": {"covered_lines": 75, "num_statements": 75, "percent_covered": 100.0, "percent_covered_display": "100", "missing_lines": 0, "excluded_lines": 0}, "missing_lines": [], "excluded_lines": [], "functions": {"backup_template": {"executed_lines": [22, 23, 25, 26, 27, 29, 30], "summary": {"covered_lines": 7, "num_statements": 7, "percent_covered": 100.0, "percent_covered_display": "100", "missing_lines": 0, "excluded_lines": 0}, "missing_lines": [], "excluded_lines": []}, "get_template_changes": {"executed_lines": [42, 44, 52, 53, 54, 55, 56, 58, 59, 60, 61, 64, 65, 67, 68, 75, 76, 78], "summary": {"covered_lines": 18, "num_statements": 18, "percent_covered": 100.0, "percent_covered_display": "100", "missing_lines": 0, "excluded_lines": 0}, "missing_lines": [], "excluded_lines": []}, "show_template_changes": {"executed_lines": [87, 88, 89, 91, 92, 93, 94, 95, 97, 98, 99, 106, 107], "summary": {"covered_lines": 13, "num_statements": 13, "percent_covered": 100.0, "percent_covered_display": "100", "missing_lines": 0, "excluded_lines": 0}, "missing_lines": [], "excluded_lines": []}, "update_templates": {"executed_lines": [120, 122, 123, 124, 126, 127, 128, 131, 132, 133, 136, 137, 138, 140], "summary": {"covered_lines": 14, "num_statements": 14, "percent_covered": 100.0, "percent_covered_display": "100", "missing_lines": 0, "excluded_lines": 0}, "missing_lines": [], "excluded_lines": []}, "list_backups": {"executed_lines": [152, 153, 154, 155, 157], "summary": {"covered_lines": 5, "num_statements": 5, "percent_covered": 100.0, "percent_covered_display": "100", "missing_lines": 0, "excluded_lines": 0}, "missing_lines": [], "excluded_lines": []}, "restore_template_backup": {"executed_lines": [169, 170, 174, 175, 177, 178], "summary": {"covered_lines": 6, "num_statements": 6, "percent_covered": 100.0, "percent_covered_display": "100", "missing_lines": 0, "excluded_lines": 0}, "missing_lines": [], "excluded_lines": []}, "": {"executed_lines": [1, 3, 4, 5, 7, 8, 10, 13, 33, 81, 110, 143, 160], "summary": {"covered_lines": 12, "num_statements": 12, "percent_covered": 100.0, "percent_covered_display": "100", "missing_lines": 0, "excluded_lines": 0}, "missing_lines": [], "excluded_lines": []}}, "classes": {"": {"executed_lines": [1, 3, 4, 5, 7, 8, 10, 13, 22, 23, 25, 26, 27, 29, 30, 33, 42, 44, 52, 53, 54, 55, 56, 58, 59, 60, 61, 64, 65, 67, 68, 75, 76, 78, 81, 87, 88, 89, 91, 92, 93, 94, 95, 97, 98, 99, 106, 107, 110, 120, 122, 123, 124, 126, 127, 128, 131, 132, 133, 136, 137, 138, 140, 143, 152, 153, 154, 155, 157, 160, 169, 170, 174, 175, 177, 178], "summary": {"covered_lines": 75, "num_statements": 75, "percent_covered": 100.0, "percent_covered_display": "100", "missing_lines": 0, "excluded_lines": 0}, "missing_lines": [], "excluded_lines": []}}}, "ai_journal_kit/core/templates.py": {"executed_lines": [1, 3, 4, 5, 8, 17, 18, 21, 28, 29, 32, 39, 41, 43, 44, 46, 47, 50, 51, 52, 53, 54, 55, 56, 58, 59, 60, 61, 62, 63, 64, 66, 68, 69, 70, 72, 73, 74, 75, 76, 79, 80, 81, 84, 87, 93, 94], "summary": {"covered_lines": 46, "num_statements": 46, "percent_covered": 100.0, "percent_covered_display": "100", "missing_lines": 0, "excluded_lines": 0}, "missing_lines": [], "excluded_lines": [], "functions": {"get_template": {"executed_lines": [17, 18], "summary": {"covered_lines": 2, "num_statements": 2, "percent_covered": 100.0, "percent_covered_display": "100", "missing_lines": 0, "excluded_lines": 0}, "missing_lines": [], "excluded_lines": []}, "copy_template": {"executed_lines": [28, 29], "summary": {"covered_lines": 2, "num_statements": 2, "percent_covered": 100.0, "percent_covered_display": "100", "missing_lines": 0, "excluded_lines": 0}, "missing_lines": [], "excluded_lines": []}, "copy_ide_configs": {"executed_lines": [39, 41, 43, 44, 46, 47, 50, 51, 52, 53, 54, 55, 56, 58, 59, 60, 61, 62, 63, 64, 66, 68, 69, 70, 72, 73, 74, 75, 76, 79, 80, 81, 84], "summary": {"covered_lines": 33, "num_statements": 33, "percent_covered": 100.0, "percent_covered_display": "100", "missing_lines": 0, "excluded_lines": 0}, "missing_lines": [], "excluded_lines": []}, "list_available_templates": {"executed_lines": [93, 94], "summary": {"covered_lines": 2, "num_statements": 2, "percent_covered": 100.0, "percent_covered_display": "100", "missing_lines": 0, "excluded_lines": 0}, "missing_lines": [], "excluded_lines": []}, "": {"executed_lines": [1, 3, 4, 5, 8, 21, 32, 87], "summary": {"covered_lines": 7, "num_statements": 7, "percent_covered": 100.0, "percent_covered_display": "100", "missing_lines": 0, "excluded_lines": 0}, "missing_lines": [], "excluded_lines": []}}, "classes": {"": {"executed_lines": [1, 3, 4, 5, 8, 17, 18, 21, 28, 29, 32, 39, 41, 43, 44, 46, 47, 50, 51, 52, 53, 54, 55, 56, 58, 59, 60, 61, 62, 63, 64, 66, 68, 69, 70, 72, 73, 74, 75, 76, 79, 80, 81, 84, 87, 93, 94], "summary": {"covered_lines": 46, "num_statements": 46, "percent_covered": 100.0, "percent_covered_display": "100", "missing_lines": 0, "excluded_lines": 0}, "missing_lines": [], "excluded_lines": []}}}, "ai_journal_kit/core/validation.py": {"executed_lines": [1, 3, 4, 6, 9, 21, 24, 25, 28, 31, 32, 34, 37, 49, 50, 52, 53, 55, 58, 67, 68, 71], "summary": {"covered_lines": 21, "num_statements": 21, "percent_covered": 100.0, "percent_covered_display": "100", "missing_lines": 0, "excluded_lines": 0}, "missing_lines": [], "excluded_lines": [], "functions": {"validate_path": {"executed_lines": [21, 24, 25, 28, 31, 32, 34], "summary": {"covered_lines": 7, "num_statements": 7, "percent_covered": 100.0, "percent_covered_display": "100", "missing_lines": 0, "excluded_lines": 0}, "missing_lines": [], "excluded_lines": []}, "validate_ide": {"executed_lines": [49, 50, 52, 53, 55], "summary": {"covered_lines": 5, "num_statements": 5, "percent_covered": 100.0, "percent_covered_display": "100", "missing_lines": 0, "excluded_lines": 0}, "missing_lines": [], "excluded_lines": []}, "path_is_writable": {"executed_lines": [67, 68, 71], "summary": {"covered_lines": 3, "num_statements": 3, "percent_covered": 100.0, "percent_covered_display": "100", "missing_lines": 0, "excluded_lines": 0}, "missing_lines": [], "excluded_lines": []}, "": {"executed_lines": [1, 3, 4, 6, 9, 37, 58], "summary": {"covered_lines": 6, "num_statements": 6, "percent_covered": 100.0, "percent_covered_display": "100", "missing_lines": 0, "excluded_lines": 0}, "missing_lines": [], "excluded_lines": []}}, "classes": {"": {"executed_lines": [1, 3, 4, 6, 9, 21, 24, 25, 28, 31, 32, 34, 37, 49, 50, 52, 53, 55, 58, 67, 68, 71], "summary": {"covered_lines": 21, "num_statements": 21, "percent_covered": 100.0, "percent_covered_display": "100", "missing_lines": 0, "excluded_lines": 0}, "missing_lines": [], "excluded_lines": []}}}, "ai_journal_kit/templates/__init__.py": {"executed_lines": [1], "summary": {"covered_lines": 0, "num_statements": 0, "percent_covered": 100.0, "percent_covered_display": "100", "missing_lines": 0, "excluded_lines": 0}, "missing_lines": [], "excluded_lines": [], "functions": {"": {"executed_lines": [1], "summary": {"covered_lines": 0, "num_statements": 0, "percent_covered": 100.0, "percent_covered_display": "100", "missing_lines": 0, "excluded_lines": 0}, "missing_lines": [], "excluded_lines": []}}, "classes": {"": {"executed_lines": [1], "summary": {"covered_lines": 0, "num_statements": 0, "percent_covered": 100.0, "percent_covered_display": "100", "missing_lines": 0, "excluded_lines": 0}, "missing_lines": [], "excluded_lines": []}}}, "ai_journal_kit/templates/ide-configs/__init__.py": {"executed_lines": [], "summary": {"covered_lines": 0, "num_statements": 0, "percent_covered": 100.0, "percent_covered_display": "100", "missing_lines": 0, "excluded_lines": 0}, "missing_lines": [], "excluded_lines": [], "functions": {"": {"executed_lines": [], "summary": {"covered_lines": 0, "num_statements": 0, "percent_covered": 100.0, "percent_covered_display": "100", "missing_lines": 0, "excluded_lines": 0}, "missing_lines": [], "excluded_lines": []}}, "classes": {"": {"executed_lines": [], "summary": {"covered_lines": 0, "num_statements": 0, "percent_covered": 100.0, "percent_covered_display": "100", "missing_lines": 0, "excluded_lines": 0}, "missing_lines": [], "excluded_lines": []}}}, "ai_journal_kit/utils/__init__.py": {"executed_lines": [1], "summary": {"covered_lines": 0, "num_statements": 0, "percent_covered": 100.0, "percent_covered_display": "100", "missing_lines": 0, "excluded_lines": 0}, "missing_lines": [], "excluded_lines": [], "functions": {"": {"executed_lines": [1], "summary": {"covered_lines": 0, "num_statements": 0, "percent_covered": 100.0, "percent_covered_display": "100", "missing_lines": 0, "excluded_lines": 0}, "missing_lines": [], "excluded_lines": []}}, "classes": {"": {"executed_lines": [1], "summary": {"covered_lines": 0, "num_statements": 0, "percent_covered": 100.0, "percent_covered_display": "100", "missing_lines": 0, "excluded_lines": 0}, "missing_lines": [], "excluded_lines": []}}}, "ai_journal_kit/utils/platform.py": {"executed_lines": [1, 3, 4, 5, 8, 10, 13, 15, 18, 20, 23, 25, 26, 27, 28, 29, 30, 32, 35, 37, 38, 41, 43, 46, 47, 49, 50, 51, 54], "summary": {"covered_lines": 28, "num_statements": 28, "percent_covered": 100.0, "percent_covered_display": "100", "missing_lines": 0, "excluded_lines": 0}, "missing_lines": [], "excluded_lines": [], "functions": {"is_windows": {"executed_lines": [10], "summary": {"covered_lines": 1, "num_statements": 1, "percent_covered": 100.0, "percent_covered_display": "100", "missing_lines": 0, "excluded_lines": 0}, "missing_lines": [], "excluded_lines": []}, "is_macos": {"executed_lines": [15], "summary": {"covered_lines": 1, "num_statements": 1, "percent_covered": 100.0, "percent_covered_display": "100", "missing_lines": 0, "excluded_lines": 0}, "missing_lines": [], "excluded_lines": []}, "is_linux": {"executed_lines": [20], "summary": {"covered_lines": 1, "num_statements": 1, "percent_covered": 100.0, "percent_covered_display": "100", "missing_lines": 0, "excluded_lines": 0}, "missing_lines": [], "excluded_lines": []}, "get_platform_name": {"executed_lines": [25, 26, 27, 28, 29, 30, 32], "summary": {"covered_lines": 7, "num_statements": 7, "percent_covered": 100.0, "percent_covered_display": "100", "missing_lines": 0, "excluded_lines": 0}, "missing_lines": [], "excluded_lines": []}, "normalize_path": {"executed_lines": [37, 38], "summary": {"covered_lines": 2, "num_statements": 2, "percent_covered": 100.0, "percent_covered_display": "100", "missing_lines": 0, "excluded_lines": 0}, "missing_lines": [], "excluded_lines": []}, "can_create_symlinks": {"executed_lines": [43, 46, 47, 49, 50, 51, 54], "summary": {"covered_lines": 7, "num_statements": 7, "percent_covered": 100.0, "percent_covered_display": "100", "missing_lines": 0, "excluded_lines": 0}, "missing_lines": [], "excluded_lines": []}, "": {"executed_lines": [1, 3, 4, 5, 8, 13, 18, 23, 35, 41], "summary": {"covered_lines": 9, "num_statements": 9, "percent_covered": 100.0, "percent_covered_display": "100", "missing_lines": 0, "excluded_lines": 0}, "missing_lines": [], "excluded_lines": []}}, "classes": {"": {"executed_lines": [1, 3, 4, 5, 8, 10, 13, 15, 18, 20, 23, 25, 26, 27, 28, 29, 30, 32, 35, 37, 38, 41, 43, 46, 47, 49, 50, 51, 54], "summary": {"covered_lines": 28, "num_statements": 28, "percent_covered": 100.0, "percent_covered_display": "100", "missing_lines": 0, "excluded_lines": 0}, "missing_lines": [], "excluded_lines": []}}}, "ai_journal_kit/utils/ui.py": {"executed_lines": [1, 3, 5, 6, 7, 8, 9, 10, 11, 13, 14, 17, 19, 22, 24, 32, 35, 43, 46, 48, 51, 53, 59, 60, 61, 62, 65, 73, 74, 75, 77, 78, 80, 83, 85, 86, 89, 91, 92, 93, 96, 98, 101, 103, 104], "summary": {"covered_lines": 44, "num_statements": 44, "percent_covered": 100.0, "percent_covered_display": "100", "missing_lines": 0, "excluded_lines": 0}, "missing_lines": [], "excluded_lines": [], "functions": {"ask_path": {"executed_lines": [19], "summary": {"covered_lines": 1, "num_statements": 1, "percent_covered": 100.0, "percent_covered_display": "100", "missing_lines": 0, "excluded_lines": 0}, "missing_lines": [], "excluded_lines": []}, "ask_ide": {"executed_lines": [24, 32, 35, 43], "summary": {"covered_lines": 4, "num_statements": 4, "percent_covered": 100.0, "percent_covered_display": "100", "missing_lines": 0, "excluded_lines": 0}, "missing_lines": [], "excluded_lines": []}, "confirm": {"executed_lines": [48], "summary": {"covered_lines": 1, "num_statements": 1, "percent_covered": 100.0, "percent_covered_display": "100", "missing_lines": 0, "excluded_lines": 0}, "missing_lines": [], "excluded_lines": []}, "show_progress": {"executed_lines": [53, 59, 60, 61, 62], "summary": {"covered_lines": 5, "num_statements": 5, "percent_covered": 100.0, "percent_covered_display": "100", "missing_lines": 0, "excluded_lines": 0}, "missing_lines": [], "excluded_lines": []}, "show_table": {"executed_lines": [73, 74, 75, 77, 78, 80], "summary": {"covered_lines": 6, "num_statements": 6, "percent_covered": 100.0, "percent_covered_display": "100", "missing_lines": 0, "excluded_lines": 0}, "missing_lines": [], "excluded_lines": []}, "show_panel": {"executed_lines": [85, 86], "summary": {"covered_lines": 2, "num_statements": 2, "percent_covered": 100.0, "percent_covered_display": "100", "missing_lines": 0, "excluded_lines": 0}, "missing_lines": [], "excluded_lines": []}, "show_error": {"executed_lines": [91, 92, 93], "summary": {"covered_lines": 3, "num_statements": 3, "percent_covered": 100.0, "percent_covered_display": "100", "missing_lines": 0, "excluded_lines": 0}, "missing_lines": [], "excluded_lines": []}, "show_success": {"executed_lines": [98], "summary": {"covered_lines": 1, "num_statements": 1, "percent_covered": 100.0, "percent_covered_display": "100", "missing_lines": 0, "excluded_lines": 0}, "missing_lines": [], "excluded_lines": []}, "show_markdown": {"executed_lines": [103, 104], "summary": {"covered_lines": 2, "num_statements": 2, "percent_covered": 100.0, "percent_covered_display": "100", "missing_lines": 0, "excluded_lines": 0}, "missing_lines": [], "excluded_lines": []}, "": {"executed_lines": [1, 3, 5, 6, 7, 8, 9, 10, 11, 13, 14, 17, 22, 46, 51, 65, 83, 89, 96, 101], "summary": {"covered_lines": 19, "num_statements": 19, "percent_covered": 100.0, "percent_covered_display": "100", "missing_lines": 0, "excluded_lines": 0}, "missing_lines": [], "excluded_lines": []}}, "classes": {"": {"executed_lines": [1, 3, 5, 6, 7, 8, 9, 10, 11, 13, 14, 17, 19, 22, 24, 32, 35, 43, 46, 48, 51, 53, 59, 60, 61, 62, 65, 73, 74, 75, 77, 78, 80, 83, 85, 86, 89, 91, 92, 93, 96, 98, 101, 103, 104], "summary": {"covered_lines": 44, "num_statements": 44, "percent_covered": 100.0, "percent_covered_display": "100", "missing_lines": 0, "excluded_lines": 0}, "missing_lines": [], "excluded_lines": []}}}}, "totals": {"covered_lines": 769, "num_statements": 874, "percent_covered": 87.98627002288329, "percent_covered_display": "88", "missing_lines": 105, "excluded_lines": 0}}